  [4;36;1mSQL (0.9ms)[0m   [0;1m SELECT name
 FROM sqlite_master
 WHERE type = 'table' AND NOT name = 'sqlite_sequence'
[0m
  [4;35;1mSQL (0.2ms)[0m   [0mselect sqlite_version(*)[0m
  [4;36;1mSQL (2.1ms)[0m   [0;1mCREATE TABLE "schema_migrations" ("version" varchar(255) NOT NULL) [0m
  [4;35;1mSQL (2.3ms)[0m   [0mCREATE UNIQUE INDEX "unique_schema_migrations" ON "schema_migrations" ("version")[0m
  [4;36;1mSQL (0.4ms)[0m   [0;1m SELECT name
 FROM sqlite_master
 WHERE type = 'table' AND NOT name = 'sqlite_sequence'
[0m
  [4;35;1mSQL (0.2ms)[0m   [0mSELECT version FROM schema_migrations[0m
Migrating to CreateTopics (20090613204259)
  [4;36;1mSQL (0.7ms)[0m   [0;1mCREATE TABLE "topics" ("id" INTEGER PRIMARY KEY AUTOINCREMENT NOT NULL, "title" varchar(255), "description" text, "created_at" datetime, "updated_at" datetime) [0m
  [4;35;1mSQL (0.1ms)[0m   [0mINSERT INTO schema_migrations (version) VALUES ('20090613204259')[0m
  [4;36;1mSQL (0.4ms)[0m   [0;1m SELECT name
 FROM sqlite_master
 WHERE type = 'table' AND NOT name = 'sqlite_sequence'
[0m
  [4;35;1mSQL (0.1ms)[0m   [0mSELECT version FROM schema_migrations[0m
  [4;36;1mSQL (0.1ms)[0m   [0;1m SELECT name
 FROM sqlite_master
 WHERE type = 'table' AND NOT name = 'sqlite_sequence'
[0m
  [4;35;1mSQL (0.0ms)[0m   [0mPRAGMA index_list("topics")[0m
  [4;36;1mSQL (0.6ms)[0m   [0;1m SELECT name
 FROM sqlite_master
 WHERE type = 'table' AND NOT name = 'sqlite_sequence'
[0m
  [4;35;1mSQL (0.1ms)[0m   [0mSELECT version FROM schema_migrations[0m
  [4;36;1mSQL (0.1ms)[0m   [0;1m SELECT name
 FROM sqlite_master
 WHERE type = 'table' AND NOT name = 'sqlite_sequence'
[0m
  [4;35;1mSQL (0.1ms)[0m   [0mSELECT version FROM schema_migrations[0m
Migrating to CreateTopics (20090613204259)
  [4;36;1mSQL (0.1ms)[0m   [0;1mselect sqlite_version(*)[0m
  [4;35;1mSQL (1.8ms)[0m   [0mDROP TABLE "topics"[0m
  [4;36;1mSQL (0.2ms)[0m   [0;1mDELETE FROM schema_migrations WHERE version = '20090613204259'[0m
  [4;35;1mSQL (0.3ms)[0m   [0m SELECT name
 FROM sqlite_master
 WHERE type = 'table' AND NOT name = 'sqlite_sequence'
[0m
  [4;36;1mSQL (0.1ms)[0m   [0;1mSELECT version FROM schema_migrations[0m
  [4;35;1mSQL (0.1ms)[0m   [0m SELECT name
 FROM sqlite_master
 WHERE type = 'table' AND NOT name = 'sqlite_sequence'
[0m
  [4;36;1mSQL (0.6ms)[0m   [0;1m SELECT name
 FROM sqlite_master
 WHERE type = 'table' AND NOT name = 'sqlite_sequence'
[0m
  [4;35;1mSQL (0.1ms)[0m   [0mSELECT version FROM schema_migrations[0m
Migrating to CreateTopics (20090613204259)
  [4;36;1mSQL (0.1ms)[0m   [0;1mselect sqlite_version(*)[0m
  [4;35;1mSQL (0.7ms)[0m   [0mCREATE TABLE "topics" ("id" INTEGER PRIMARY KEY AUTOINCREMENT NOT NULL, "title" varchar(255), "description" text, "created_at" datetime, "updated_at" datetime) [0m
  [4;36;1mSQL (0.1ms)[0m   [0;1mINSERT INTO schema_migrations (version) VALUES ('20090613204259')[0m
  [4;35;1mSQL (0.3ms)[0m   [0m SELECT name
 FROM sqlite_master
 WHERE type = 'table' AND NOT name = 'sqlite_sequence'
[0m
  [4;36;1mSQL (0.1ms)[0m   [0;1mSELECT version FROM schema_migrations[0m
  [4;35;1mSQL (0.1ms)[0m   [0m SELECT name
 FROM sqlite_master
 WHERE type = 'table' AND NOT name = 'sqlite_sequence'
[0m
  [4;36;1mSQL (0.0ms)[0m   [0;1mPRAGMA index_list("topics")[0m


Processing TopicsController#index (for ::1 at 2009-06-13 13:53:31) [GET]
  [4;36;1mTopic Load (0.6ms)[0m   [0;1mSELECT * FROM "topics" [0m
Rendering template within layouts/topics
Rendering topics/index
Completed in 39ms (View: 35, DB: 1) | 200 OK [http://localhost/topics]


Processing TopicsController#new (for ::1 at 2009-06-13 13:53:38) [GET]
Rendering template within layouts/topics
Rendering topics/new
Completed in 9ms (View: 5, DB: 0) | 200 OK [http://localhost/topics/new]


Processing TopicsController#create (for ::1 at 2009-06-13 13:53:49) [POST]
  Parameters: {"commit"=>"Create", "authenticity_token"=>"e/DGM/jS7JLMRwWnyYDfcKJVdvESoIf00KrooftUCr8=", "topic"=>{"title"=>"Git stuff", "description"=>"yeah!"}}
  [4;35;1mTopic Create (0.5ms)[0m   [0mINSERT INTO "topics" ("created_at", "title", "updated_at", "description") VALUES('2009-06-13 20:53:49', 'Git stuff', '2009-06-13 20:53:49', 'yeah!')[0m
Redirected to http://localhost:3000/topics/1
Completed in 17ms (DB: 1) | 302 Found [http://localhost/topics]


Processing TopicsController#show (for ::1 at 2009-06-13 13:53:49) [GET]
  Parameters: {"id"=>"1"}
  [4;36;1mTopic Load (0.2ms)[0m   [0;1mSELECT * FROM "topics" WHERE ("topics"."id" = 1) [0m
Rendering template within layouts/topics
Rendering topics/show
Completed in 9ms (View: 4, DB: 0) | 200 OK [http://localhost/topics/1]


Processing TopicsController#edit (for ::1 at 2009-06-13 13:54:14) [GET]
  Parameters: {"id"=>"1"}
  [4;35;1mTopic Load (0.2ms)[0m   [0mSELECT * FROM "topics" WHERE ("topics"."id" = 1) [0m
Rendering template within layouts/topics
Rendering topics/edit
Completed in 11ms (View: 6, DB: 0) | 200 OK [http://localhost/topics/1/edit]


Processing TopicsController#index (for ::1 at 2009-06-13 13:55:36) [GET]
  [4;36;1mTopic Load (0.4ms)[0m   [0;1mSELECT * FROM "topics" [0m
Rendering template within layouts/topics
Rendering topics/index
Completed in 7ms (View: 3, DB: 0) | 200 OK [http://localhost/topics]


Processing TopicsController#show (for ::1 at 2009-06-13 13:55:44) [GET]
  Parameters: {"id"=>"index"}
  [4;35;1mTopic Load (0.1ms)[0m   [0mSELECT * FROM "topics" WHERE ("topics"."id" = 0) [0m

ActiveRecord::RecordNotFound (Couldn't find Topic with ID=index):
  app/controllers/topics_controller.rb:16:in `show'
  /opt/local/lib/ruby/1.8/webrick/httpserver.rb:104:in `service'
  /opt/local/lib/ruby/1.8/webrick/httpserver.rb:65:in `run'
  /opt/local/lib/ruby/1.8/webrick/server.rb:173:in `start_thread'
  /opt/local/lib/ruby/1.8/webrick/server.rb:162:in `start'
  /opt/local/lib/ruby/1.8/webrick/server.rb:162:in `start_thread'
  /opt/local/lib/ruby/1.8/webrick/server.rb:95:in `start'
  /opt/local/lib/ruby/1.8/webrick/server.rb:92:in `each'
  /opt/local/lib/ruby/1.8/webrick/server.rb:92:in `start'
  /opt/local/lib/ruby/1.8/webrick/server.rb:23:in `start'
  /opt/local/lib/ruby/1.8/webrick/server.rb:82:in `start'

Rendered rescues/_trace (29.4ms)
Rendered rescues/_request_and_response (1.1ms)
Rendering rescues/layout (not_found)


Processing TopicsController#show to html (for ::1 at 2009-06-13 13:55:47) [GET]
  Parameters: {"id"=>"index"}
  [4;36;1mTopic Load (0.1ms)[0m   [0;1mSELECT * FROM "topics" WHERE ("topics"."id" = 0) [0m

ActiveRecord::RecordNotFound (Couldn't find Topic with ID=index):
  app/controllers/topics_controller.rb:16:in `show'
  /opt/local/lib/ruby/1.8/webrick/httpserver.rb:104:in `service'
  /opt/local/lib/ruby/1.8/webrick/httpserver.rb:65:in `run'
  /opt/local/lib/ruby/1.8/webrick/server.rb:173:in `start_thread'
  /opt/local/lib/ruby/1.8/webrick/server.rb:162:in `start'
  /opt/local/lib/ruby/1.8/webrick/server.rb:162:in `start_thread'
  /opt/local/lib/ruby/1.8/webrick/server.rb:95:in `start'
  /opt/local/lib/ruby/1.8/webrick/server.rb:92:in `each'
  /opt/local/lib/ruby/1.8/webrick/server.rb:92:in `start'
  /opt/local/lib/ruby/1.8/webrick/server.rb:23:in `start'
  /opt/local/lib/ruby/1.8/webrick/server.rb:82:in `start'

Rendered rescues/_trace (72.9ms)
Rendered rescues/_request_and_response (0.3ms)
Rendering rescues/layout (not_found)


Processing TopicsController#index (for ::1 at 2009-06-13 13:55:50) [GET]
  [4;35;1mTopic Load (0.5ms)[0m   [0mSELECT * FROM "topics" [0m
Rendering template within layouts/topics
Rendering topics/index
Completed in 8ms (View: 4, DB: 0) | 200 OK [http://localhost/topics]
